<?xml version="1.0" encoding="UTF-8"?>
<testng-results skipped="0" failed="0" total="1" passed="1">
  <reporter-output>
    <line>
      <![CDATA[STEP1]]>
    </line>
    <line>
      <![CDATA[STEP2]]>
    </line>
    <line>
      <![CDATA[STEP3]]>
    </line>
  </reporter-output>
  <suite name="Suite" duration-ms="118742" started-at="2017-08-27T05:13:10Z" finished-at="2017-08-27T05:15:08Z">
    <groups>
    </groups>
    <test name="Test" duration-ms="118742" started-at="2017-08-27T05:13:10Z" finished-at="2017-08-27T05:15:08Z">
      <class name="com.testscript.LoginTest">
        <test-method status="PASS" signature="appiumStartServer()[pri:0, instance:com.testscript.LoginTest@ff5b51f]" name="appiumStartServer" is-config="true" duration-ms="4595" started-at="2017-08-27T10:43:05Z" finished-at="2017-08-27T10:43:10Z">
          <reporter-output>
          </reporter-output>
        </test-method> <!-- appiumStartServer -->
        <test-method status="PASS" signature="launchApp()[pri:0, instance:com.testscript.LoginTest@ff5b51f]" name="launchApp" is-config="true" duration-ms="35449" started-at="2017-08-27T10:43:10Z" finished-at="2017-08-27T10:43:45Z">
          <reporter-output>
          </reporter-output>
        </test-method> <!-- launchApp -->
        <test-method status="PASS" signature="appLogin()[pri:0, instance:com.testscript.LoginTest@ff5b51f]" name="appLogin" duration-ms="80646" started-at="2017-08-27T10:43:45Z" finished-at="2017-08-27T10:45:06Z">
          <reporter-output>
            <line>
              <![CDATA[STEP1]]>
            </line>
            <line>
              <![CDATA[STEP2]]>
            </line>
            <line>
              <![CDATA[STEP3]]>
            </line>
          </reporter-output>
        </test-method> <!-- appLogin -->
        <test-method status="PASS" signature="closeDriver()[pri:0, instance:com.testscript.LoginTest@ff5b51f]" name="closeDriver" is-config="true" duration-ms="2625" started-at="2017-08-27T10:45:06Z" finished-at="2017-08-27T10:45:08Z">
          <reporter-output>
          </reporter-output>
        </test-method> <!-- closeDriver -->
        <test-method status="PASS" signature="stopAppiumServer()[pri:0, instance:com.testscript.LoginTest@ff5b51f]" name="stopAppiumServer" is-config="true" duration-ms="310" started-at="2017-08-27T10:45:08Z" finished-at="2017-08-27T10:45:09Z">
          <reporter-output>
          </reporter-output>
        </test-method> <!-- stopAppiumServer -->
      </class> <!-- com.testscript.LoginTest -->
    </test> <!-- Test -->
  </suite> <!-- Suite -->
</testng-results>
